2022-05-12 19:33:07,487 [INFO] com.loggingDemo.LoggingApplication {1.} [restartedMain] Starting LoggingApplication using Java 17.0.2 on mansi with PID 159077 (/home/mansi/Documents/sts-workspace/logging-application/target/classes started by mansi in /home/mansi/Documents/sts-workspace/logging-application)
2022-05-12 19:33:07,487 [DEBUG] com.loggingDemo.LoggingApplication {1.} [restartedMain] Running with Spring Boot v2.6.7, Spring v5.3.19
2022-05-12 19:33:07,487 [INFO] com.loggingDemo.LoggingApplication {1.} [restartedMain] No active profile set, falling back to 1 default profile: "default"
2022-05-12 19:33:07,542 [INFO] org.springframework.boot.web.embedded.tomcat.TomcatWebServer {1.} [restartedMain] Tomcat initialized with port(s): 8080 (http)
2022-05-12 19:33:07,542 [INFO] org.apache.catalina.core.StandardService {1.} [restartedMain] Starting service [Tomcat]
2022-05-12 19:33:07,542 [INFO] org.apache.catalina.core.StandardEngine {1.} [restartedMain] Starting Servlet engine: [Apache Tomcat/9.0.62]
2022-05-12 19:33:07,544 [INFO] org.apache.catalina.core.ContainerBase.[Tomcat].[localhost].[/] {1.} [restartedMain] Initializing Spring embedded WebApplicationContext
2022-05-12 19:33:07,545 [INFO] org.springframework.boot.web.servlet.context.ServletWebServerApplicationContext {1.} [restartedMain] Root WebApplicationContext: initialization completed in 57 ms
2022-05-12 19:33:07,567 [INFO] org.springframework.boot.devtools.autoconfigure.OptionalLiveReloadServer {1.} [restartedMain] LiveReload server is running on port 35729
2022-05-12 19:33:07,570 [INFO] org.springframework.boot.web.embedded.tomcat.TomcatWebServer {1.} [restartedMain] Tomcat started on port(s): 8080 (http) with context path ''
2022-05-12 19:33:07,572 [INFO] com.loggingDemo.LoggingApplication {1.} [restartedMain] Started LoggingApplication in 0.098 seconds (JVM running for 3961.42)
2022-05-12 19:33:07,573 [INFO] org.springframework.boot.devtools.autoconfigure.ConditionEvaluationDeltaLoggingListener {1.} [restartedMain] Condition evaluation unchanged
2022-05-12 19:33:07,573 [INFO] com.loggingDemo.LoggingApplication {1.} [restartedMain] Simple log statement with inputs 1, 2 and 3
2022-05-12 19:33:16,798 [INFO] org.apache.catalina.core.ContainerBase.[Tomcat].[localhost].[/] {1.} [http-nio-8080-exec-1] Initializing Spring DispatcherServlet 'dispatcherServlet'
2022-05-12 19:33:16,798 [INFO] org.springframework.web.servlet.DispatcherServlet {1.} [http-nio-8080-exec-1] Initializing Servlet 'dispatcherServlet'
2022-05-12 19:33:16,799 [INFO] org.springframework.web.servlet.DispatcherServlet {1.} [http-nio-8080-exec-1] Completed initialization in 1 ms
2022-05-12 19:33:16,800 [TRACE] com.loggingDemo.LogerSource {1.} [http-nio-8080-exec-1] This is a TRACE statement
2022-05-12 19:33:16,800 [DEBUG] com.loggingDemo.LogerSource {1.} [http-nio-8080-exec-1] This is a DEBUG statement
2022-05-12 19:33:16,800 [INFO] com.loggingDemo.LogerSource {1.} [http-nio-8080-exec-1] This is a INFO statement
2022-05-12 19:33:16,800 [WARN] com.loggingDemo.LogerSource {1.} [http-nio-8080-exec-1] This is a WARN statement
2022-05-12 19:33:16,800 [ERROR] com.loggingDemo.LogerSource {1.} [http-nio-8080-exec-1] This is a ERROR statement
2022-05-12 21:08:07,526 [INFO] com.loggingDemo.LoggingApplication {1.} [restartedMain] Starting LoggingApplication using Java 17.0.2 on mansi with PID 159077 (/home/mansi/Documents/sts-workspace/logging-application/target/classes started by mansi in /home/mansi/Documents/sts-workspace/logging-application)
2022-05-12 21:08:07,526 [DEBUG] com.loggingDemo.LoggingApplication {1.} [restartedMain] Running with Spring Boot v2.6.7, Spring v5.3.19
2022-05-12 21:08:07,526 [INFO] com.loggingDemo.LoggingApplication {1.} [restartedMain] No active profile set, falling back to 1 default profile: "default"
2022-05-12 21:08:07,577 [INFO] org.springframework.boot.web.embedded.tomcat.TomcatWebServer {1.} [restartedMain] Tomcat initialized with port(s): 8080 (http)
2022-05-12 21:08:07,577 [INFO] org.apache.catalina.core.StandardService {1.} [restartedMain] Starting service [Tomcat]
2022-05-12 21:08:07,577 [INFO] org.apache.catalina.core.StandardEngine {1.} [restartedMain] Starting Servlet engine: [Apache Tomcat/9.0.62]
2022-05-12 21:08:07,580 [INFO] org.apache.catalina.core.ContainerBase.[Tomcat].[localhost].[/] {1.} [restartedMain] Initializing Spring embedded WebApplicationContext
2022-05-12 21:08:07,580 [INFO] org.springframework.boot.web.servlet.context.ServletWebServerApplicationContext {1.} [restartedMain] Root WebApplicationContext: initialization completed in 52 ms
2022-05-12 21:08:07,606 [INFO] org.springframework.boot.devtools.autoconfigure.OptionalLiveReloadServer {1.} [restartedMain] LiveReload server is running on port 35729
2022-05-12 21:08:07,609 [INFO] org.springframework.boot.web.embedded.tomcat.TomcatWebServer {1.} [restartedMain] Tomcat started on port(s): 8080 (http) with context path ''
2022-05-12 21:08:07,611 [INFO] com.loggingDemo.LoggingApplication {1.} [restartedMain] Started LoggingApplication in 0.1 seconds (JVM running for 9661.459)
2022-05-12 21:08:07,612 [INFO] org.springframework.boot.devtools.autoconfigure.ConditionEvaluationDeltaLoggingListener {1.} [restartedMain] Condition evaluation unchanged
2022-05-12 21:08:07,612 [INFO] com.loggingDemo.LoggingApplication {1.} [restartedMain] Simple log statement with inputs 1, 2 and 3
2022-05-12 21:09:58,142 [INFO] org.springframework.boot.admin.SpringApplicationAdminMXBeanRegistrar$SpringApplicationAdmin {1.} [RMI TCP Connection(166)-127.0.0.1] Application shutdown requested.
